<?xml version="1.0" encoding="UTF-8"?>
<testng-results skipped="0" failed="0" ignored="0" total="1" passed="1">
  <reporter-output>
  </reporter-output>
  <suite name="Surefire suite" duration-ms="25612" started-at="2017-09-11T13:25:14Z" finished-at="2017-09-11T13:25:40Z">
    <groups>
      <group name="cucumber">
        <method signature="AbstractTestNGCucumberTests.feature(cucumber.api.testng.CucumberFeatureWrapper)[pri:0, instance:runner.TestRunner@61a485d2]" name="feature" class="cucumber.api.testng.AbstractTestNGCucumberTests"/>
      </group> <!-- cucumber -->
    </groups>
    <test name="Surefire test" duration-ms="25612" started-at="2017-09-11T13:25:14Z" finished-at="2017-09-11T13:25:40Z">
      <class name="runner.TestRunner">
        <test-method status="PASS" signature="setUpClass()[pri:0, instance:runner.TestRunner@61a485d2]" name="setUpClass" is-config="true" duration-ms="381" started-at="2017-09-11T16:25:14Z" finished-at="2017-09-11T16:25:15Z">
          <reporter-output>
          </reporter-output>
        </test-method> <!-- setUpClass -->
        <test-method status="PASS" signature="feature(cucumber.api.testng.CucumberFeatureWrapper)[pri:0, instance:runner.TestRunner@61a485d2]" name="feature" duration-ms="25045" started-at="2017-09-11T16:25:15Z" description="Runs Cucumber Feature" data-provider="features" finished-at="2017-09-11T16:25:40Z">
          <params>
            <param index="0">
              <value>
                <![CDATA[LoginFeature]]>
              </value>
            </param>
          </params>
          <reporter-output>
          </reporter-output>
        </test-method> <!-- feature -->
        <test-method status="PASS" signature="tearDownClass()[pri:0, instance:runner.TestRunner@61a485d2]" name="tearDownClass" is-config="true" duration-ms="42" started-at="2017-09-11T16:25:40Z" finished-at="2017-09-11T16:25:40Z">
          <reporter-output>
          </reporter-output>
        </test-method> <!-- tearDownClass -->
      </class> <!-- runner.TestRunner -->
    </test> <!-- Surefire test -->
  </suite> <!-- Surefire suite -->
</testng-results>
